<?xml version="1.0" encoding="UTF-8"?>
<!-- Generated by org.testng.reporters.JUnitXMLReporter -->
<testsuite hostname="DESKTOP-R09BFLF" failures="1" tests="5" name="Test" time="133.26" errors="0" timestamp="1 Dec 2022 22:16:58 GMT">
  <testcase classname="EwheelzAutomation.Book" name="TestBooking" time="27.878"/>
  <testcase classname="EwheelzAutomation.Cancel" name="TestCancelTicket" time="7.638"/>
  <testcase classname="EwheelzAutomation.Testimonials" name="TestViewTestimonial" time="6.853"/>
  <testcase classname="EwheelzAutomation.ViewRoutes" name="TestViewRoutes" time="6.752"/>
  <testcase classname="EwheelzAutomation.Testimonials" name="GiveTestimonial" time="9.535">
    <failure type="java.lang.AssertionError" message="The following asserts failed:
	expected [true] but found [false]">
      <![CDATA[java.lang.AssertionError: The following asserts failed:
	expected [true] but found [false]
	at EwheelzAutomation.Testimonials.GiveTestimonial(Testimonials.java:75)
... Removed 29 stack frames]]>
    </failure>
  </testcase> <!-- GiveTestimonial -->
</testsuite> <!-- Test -->
