<?xml version="1.0" encoding="UTF-8"?>
<testng-results total="5" passed="4" failed="1" skipped="0">
  <reporter-output>
  </reporter-output>
  <suite started-at="2022-12-01T22:14:45Z" name="Suite" finished-at="2022-12-01T22:16:58Z" duration-ms="133260">
    <groups>
    </groups>
    <test started-at="2022-12-01T22:14:45Z" name="Test" finished-at="2022-12-01T22:16:58Z" duration-ms="133260">
      <class name="EwheelzAutomation.Cancel">
        <test-method is-config="true" signature="beforeClass()[pri:0, instance:EwheelzAutomation.Cancel@2b175c00]" started-at="2022-12-01T17:15:34Z" name="beforeClass" finished-at="2022-12-01T17:15:34Z" duration-ms="0" status="PASS">
          <reporter-output>
          </reporter-output>
        </test-method> <!-- beforeClass -->
        <test-method is-config="true" signature="beforeMethod()[pri:0, instance:EwheelzAutomation.Cancel@2b175c00]" started-at="2022-12-01T17:15:34Z" name="beforeMethod" finished-at="2022-12-01T17:15:44Z" duration-ms="10310" status="PASS">
          <reporter-output>
          </reporter-output>
        </test-method> <!-- beforeMethod -->
        <test-method signature="TestCancelTicket()[pri:0, instance:EwheelzAutomation.Cancel@2b175c00]" started-at="2022-12-01T17:15:44Z" name="TestCancelTicket" finished-at="2022-12-01T17:15:52Z" duration-ms="7638" status="PASS">
          <reporter-output>
          </reporter-output>
        </test-method> <!-- TestCancelTicket -->
        <test-method is-config="true" signature="afterMethod()[pri:0, instance:EwheelzAutomation.Cancel@2b175c00]" started-at="2022-12-01T17:15:52Z" name="afterMethod" finished-at="2022-12-01T17:15:52Z" duration-ms="95" status="PASS">
          <reporter-output>
          </reporter-output>
        </test-method> <!-- afterMethod -->
        <test-method is-config="true" signature="afterClass()[pri:0, instance:EwheelzAutomation.Cancel@2b175c00]" started-at="2022-12-01T17:15:52Z" name="afterClass" finished-at="2022-12-01T17:15:53Z" duration-ms="1459" status="PASS">
          <reporter-output>
          </reporter-output>
        </test-method> <!-- afterClass -->
      </class> <!-- EwheelzAutomation.Cancel -->
      <class name="EwheelzAutomation.ViewRoutes">
        <test-method is-config="true" signature="beforeClass()[pri:0, instance:EwheelzAutomation.ViewRoutes@1ae8bcbc]" started-at="2022-12-01T17:16:12Z" name="beforeClass" finished-at="2022-12-01T17:16:12Z" duration-ms="7" status="PASS">
          <reporter-output>
          </reporter-output>
        </test-method> <!-- beforeClass -->
        <test-method is-config="true" signature="beforeMethod()[pri:0, instance:EwheelzAutomation.ViewRoutes@1ae8bcbc]" started-at="2022-12-01T17:16:12Z" name="beforeMethod" finished-at="2022-12-01T17:16:29Z" duration-ms="17568" status="PASS">
          <reporter-output>
          </reporter-output>
        </test-method> <!-- beforeMethod -->
        <test-method signature="TestViewRoutes()[pri:0, instance:EwheelzAutomation.ViewRoutes@1ae8bcbc]" started-at="2022-12-01T17:16:29Z" name="TestViewRoutes" finished-at="2022-12-01T17:16:36Z" duration-ms="6752" status="PASS">
          <reporter-output>
          </reporter-output>
        </test-method> <!-- TestViewRoutes -->
        <test-method is-config="true" signature="afterMethod()[pri:0, instance:EwheelzAutomation.ViewRoutes@1ae8bcbc]" started-at="2022-12-01T17:16:36Z" name="afterMethod" finished-at="2022-12-01T17:16:36Z" duration-ms="75" status="PASS">
          <reporter-output>
          </reporter-output>
        </test-method> <!-- afterMethod -->
        <test-method is-config="true" signature="afterClass()[pri:0, instance:EwheelzAutomation.ViewRoutes@1ae8bcbc]" started-at="2022-12-01T17:16:36Z" name="afterClass" finished-at="2022-12-01T17:16:38Z" duration-ms="1399" status="PASS">
          <reporter-output>
          </reporter-output>
        </test-method> <!-- afterClass -->
      </class> <!-- EwheelzAutomation.ViewRoutes -->
      <class name="EwheelzAutomation.Testimonials">
        <test-method is-config="true" signature="beforeClass()[pri:0, instance:EwheelzAutomation.Testimonials@3eb81efb]" started-at="2022-12-01T17:15:53Z" name="beforeClass" finished-at="2022-12-01T17:15:53Z" duration-ms="0" status="PASS">
          <reporter-output>
          </reporter-output>
        </test-method> <!-- beforeClass -->
        <test-method is-config="true" signature="beforeMethod()[pri:0, instance:EwheelzAutomation.Testimonials@3eb81efb]" started-at="2022-12-01T17:15:53Z" name="beforeMethod" finished-at="2022-12-01T17:16:05Z" duration-ms="11524" status="PASS">
          <reporter-output>
          </reporter-output>
        </test-method> <!-- beforeMethod -->
        <test-method signature="TestViewTestimonial()[pri:0, instance:EwheelzAutomation.Testimonials@3eb81efb]" started-at="2022-12-01T17:16:05Z" name="TestViewTestimonial" finished-at="2022-12-01T17:16:12Z" duration-ms="6853" status="PASS">
          <reporter-output>
          </reporter-output>
        </test-method> <!-- TestViewTestimonial -->
        <test-method is-config="true" signature="afterMethod()[pri:0, instance:EwheelzAutomation.Testimonials@3eb81efb]" started-at="2022-12-01T17:16:12Z" name="afterMethod" finished-at="2022-12-01T17:16:12Z" duration-ms="103" status="PASS">
          <reporter-output>
          </reporter-output>
        </test-method> <!-- afterMethod -->
        <test-method is-config="true" signature="beforeMethod()[pri:0, instance:EwheelzAutomation.Testimonials@3eb81efb]" started-at="2022-12-01T17:16:38Z" name="beforeMethod" finished-at="2022-12-01T17:16:48Z" duration-ms="9927" status="PASS">
          <reporter-output>
          </reporter-output>
        </test-method> <!-- beforeMethod -->
        <test-method signature="GiveTestimonial()[pri:1, instance:EwheelzAutomation.Testimonials@3eb81efb]" started-at="2022-12-01T17:16:48Z" name="GiveTestimonial" finished-at="2022-12-01T17:16:57Z" duration-ms="9535" status="FAIL">
          <exception class="java.lang.AssertionError">
            <message>
              <![CDATA[The following asserts failed:
	expected [true] but found [false]]]>
            </message>
            <full-stacktrace>
              <![CDATA[java.lang.AssertionError: The following asserts failed:
	expected [true] but found [false]
	at org.testng.asserts.SoftAssert.assertAll(SoftAssert.java:43)
	at EwheelzAutomation.Testimonials.GiveTestimonial(Testimonials.java:75)
	at java.base/jdk.internal.reflect.NativeMethodAccessorImpl.invoke0(Native Method)
	at java.base/jdk.internal.reflect.NativeMethodAccessorImpl.invoke(NativeMethodAccessorImpl.java:62)
	at java.base/jdk.internal.reflect.DelegatingMethodAccessorImpl.invoke(DelegatingMethodAccessorImpl.java:43)
	at java.base/java.lang.reflect.Method.invoke(Method.java:566)
	at org.testng.internal.MethodInvocationHelper.invokeMethod(MethodInvocationHelper.java:85)
	at org.testng.internal.Invoker.invokeMethod(Invoker.java:639)
	at org.testng.internal.Invoker.invokeTestMethod(Invoker.java:816)
	at org.testng.internal.Invoker.invokeTestMethods(Invoker.java:1124)
	at org.testng.internal.TestMethodWorker.invokeTestMethods(TestMethodWorker.java:125)
	at org.testng.internal.TestMethodWorker.run(TestMethodWorker.java:108)
	at org.testng.TestRunner.privateRun(TestRunner.java:774)
	at org.testng.TestRunner.run(TestRunner.java:624)
	at org.testng.SuiteRunner.runTest(SuiteRunner.java:359)
	at org.testng.SuiteRunner.runSequentially(SuiteRunner.java:354)
	at org.testng.SuiteRunner.privateRun(SuiteRunner.java:312)
	at org.testng.SuiteRunner.run(SuiteRunner.java:261)
	at org.testng.SuiteRunnerWorker.runSuite(SuiteRunnerWorker.java:52)
	at org.testng.SuiteRunnerWorker.run(SuiteRunnerWorker.java:86)
	at org.testng.TestNG.runSuitesSequentially(TestNG.java:1191)
	at org.testng.TestNG.runSuitesLocally(TestNG.java:1116)
	at org.testng.TestNG.run(TestNG.java:1024)
	at org.apache.maven.surefire.testng.TestNGExecutor.run(TestNGExecutor.java:283)
	at org.apache.maven.surefire.testng.TestNGXmlTestSuite.execute(TestNGXmlTestSuite.java:75)
	at org.apache.maven.surefire.testng.TestNGProvider.invoke(TestNGProvider.java:120)
	at org.apache.maven.surefire.booter.ForkedBooter.invokeProviderInSameClassLoader(ForkedBooter.java:384)
	at org.apache.maven.surefire.booter.ForkedBooter.runSuitesInProcess(ForkedBooter.java:345)
	at org.apache.maven.surefire.booter.ForkedBooter.execute(ForkedBooter.java:126)
	at org.apache.maven.surefire.booter.ForkedBooter.main(ForkedBooter.java:418)
]]>
            </full-stacktrace>
          </exception> <!-- java.lang.AssertionError -->
          <reporter-output>
          </reporter-output>
        </test-method> <!-- GiveTestimonial -->
        <test-method is-config="true" signature="afterMethod()[pri:0, instance:EwheelzAutomation.Testimonials@3eb81efb]" started-at="2022-12-01T17:16:57Z" name="afterMethod" finished-at="2022-12-01T17:16:57Z" duration-ms="64" status="PASS">
          <reporter-output>
          </reporter-output>
        </test-method> <!-- afterMethod -->
        <test-method is-config="true" signature="afterClass()[pri:0, instance:EwheelzAutomation.Testimonials@3eb81efb]" started-at="2022-12-01T17:16:57Z" name="afterClass" finished-at="2022-12-01T17:16:58Z" duration-ms="1080" status="PASS">
          <reporter-output>
          </reporter-output>
        </test-method> <!-- afterClass -->
      </class> <!-- EwheelzAutomation.Testimonials -->
      <class name="EwheelzAutomation.Book">
        <test-method is-config="true" signature="beforeSuite()[pri:0, instance:EwheelzAutomation.Book@4066c471]" started-at="2022-12-01T17:14:45Z" name="beforeSuite" finished-at="2022-12-01T17:14:45Z" duration-ms="35" status="PASS">
          <reporter-output>
          </reporter-output>
        </test-method> <!-- beforeSuite -->
        <test-method is-config="true" signature="beforeSuite()[pri:0, instance:EwheelzAutomation.Testimonials@3eb81efb]" started-at="2022-12-01T17:14:45Z" name="beforeSuite" finished-at="2022-12-01T17:14:45Z" duration-ms="1" status="PASS">
          <reporter-output>
          </reporter-output>
        </test-method> <!-- beforeSuite -->
        <test-method is-config="true" signature="beforeSuite()[pri:0, instance:EwheelzAutomation.Cancel@2b175c00]" started-at="2022-12-01T17:14:45Z" name="beforeSuite" finished-at="2022-12-01T17:14:45Z" duration-ms="0" status="PASS">
          <reporter-output>
          </reporter-output>
        </test-method> <!-- beforeSuite -->
        <test-method is-config="true" signature="beforeSuite()[pri:0, instance:EwheelzAutomation.ViewRoutes@1ae8bcbc]" started-at="2022-12-01T17:14:45Z" name="beforeSuite" finished-at="2022-12-01T17:14:45Z" duration-ms="0" status="PASS">
          <reporter-output>
          </reporter-output>
        </test-method> <!-- beforeSuite -->
        <test-method is-config="true" signature="beforeTest()[pri:0, instance:EwheelzAutomation.Testimonials@3eb81efb]" started-at="2022-12-01T17:14:45Z" name="beforeTest" finished-at="2022-12-01T17:14:45Z" duration-ms="0" status="PASS">
          <reporter-output>
          </reporter-output>
        </test-method> <!-- beforeTest -->
        <test-method is-config="true" signature="beforeTest()[pri:0, instance:EwheelzAutomation.Book@4066c471]" started-at="2022-12-01T17:14:45Z" name="beforeTest" finished-at="2022-12-01T17:14:45Z" duration-ms="0" status="PASS">
          <reporter-output>
          </reporter-output>
        </test-method> <!-- beforeTest -->
        <test-method is-config="true" signature="beforeTest()[pri:0, instance:EwheelzAutomation.Cancel@2b175c00]" started-at="2022-12-01T17:14:45Z" name="beforeTest" finished-at="2022-12-01T17:14:45Z" duration-ms="0" status="PASS">
          <reporter-output>
          </reporter-output>
        </test-method> <!-- beforeTest -->
        <test-method is-config="true" signature="beforeTest()[pri:0, instance:EwheelzAutomation.ViewRoutes@1ae8bcbc]" started-at="2022-12-01T17:14:45Z" name="beforeTest" finished-at="2022-12-01T17:14:45Z" duration-ms="0" status="PASS">
          <reporter-output>
          </reporter-output>
        </test-method> <!-- beforeTest -->
        <test-method is-config="true" signature="beforeClass()[pri:0, instance:EwheelzAutomation.Book@4066c471]" started-at="2022-12-01T17:14:45Z" name="beforeClass" finished-at="2022-12-01T17:14:45Z" duration-ms="0" status="PASS">
          <reporter-output>
          </reporter-output>
        </test-method> <!-- beforeClass -->
        <test-method is-config="true" signature="beforeMethod()[pri:0, instance:EwheelzAutomation.Book@4066c471]" started-at="2022-12-01T17:14:45Z" name="beforeMethod" finished-at="2022-12-01T17:15:05Z" duration-ms="19947" status="PASS">
          <reporter-output>
          </reporter-output>
        </test-method> <!-- beforeMethod -->
        <test-method signature="TestBooking()[pri:0, instance:EwheelzAutomation.Book@4066c471]" started-at="2022-12-01T17:15:05Z" name="TestBooking" finished-at="2022-12-01T17:15:33Z" duration-ms="27878" status="PASS">
          <reporter-output>
          </reporter-output>
        </test-method> <!-- TestBooking -->
        <test-method is-config="true" signature="afterMethod()[pri:0, instance:EwheelzAutomation.Book@4066c471]" started-at="2022-12-01T17:15:33Z" name="afterMethod" finished-at="2022-12-01T17:15:33Z" duration-ms="66" status="PASS">
          <reporter-output>
          </reporter-output>
        </test-method> <!-- afterMethod -->
        <test-method is-config="true" signature="afterClass()[pri:0, instance:EwheelzAutomation.Book@4066c471]" started-at="2022-12-01T17:15:33Z" name="afterClass" finished-at="2022-12-01T17:15:34Z" duration-ms="929" status="PASS">
          <reporter-output>
          </reporter-output>
        </test-method> <!-- afterClass -->
        <test-method is-config="true" signature="afterTest()[pri:0, instance:EwheelzAutomation.Book@4066c471]" started-at="2022-12-01T17:16:58Z" name="afterTest" finished-at="2022-12-01T17:16:58Z" duration-ms="1" status="PASS">
          <reporter-output>
          </reporter-output>
        </test-method> <!-- afterTest -->
        <test-method is-config="true" signature="afterTest()[pri:0, instance:EwheelzAutomation.Cancel@2b175c00]" started-at="2022-12-01T17:16:58Z" name="afterTest" finished-at="2022-12-01T17:16:58Z" duration-ms="0" status="PASS">
          <reporter-output>
          </reporter-output>
        </test-method> <!-- afterTest -->
        <test-method is-config="true" signature="afterTest()[pri:0, instance:EwheelzAutomation.ViewRoutes@1ae8bcbc]" started-at="2022-12-01T17:16:58Z" name="afterTest" finished-at="2022-12-01T17:16:58Z" duration-ms="0" status="PASS">
          <reporter-output>
          </reporter-output>
        </test-method> <!-- afterTest -->
        <test-method is-config="true" signature="afterTest()[pri:0, instance:EwheelzAutomation.Testimonials@3eb81efb]" started-at="2022-12-01T17:16:58Z" name="afterTest" finished-at="2022-12-01T17:16:58Z" duration-ms="0" status="PASS">
          <reporter-output>
          </reporter-output>
        </test-method> <!-- afterTest -->
        <test-method is-config="true" signature="afterSuite()[pri:0, instance:EwheelzAutomation.Testimonials@3eb81efb]" started-at="2022-12-01T17:16:58Z" name="afterSuite" finished-at="2022-12-01T17:16:58Z" duration-ms="0" status="PASS">
          <reporter-output>
          </reporter-output>
        </test-method> <!-- afterSuite -->
        <test-method is-config="true" signature="afterSuite()[pri:0, instance:EwheelzAutomation.Cancel@2b175c00]" started-at="2022-12-01T17:16:58Z" name="afterSuite" finished-at="2022-12-01T17:16:58Z" duration-ms="0" status="PASS">
          <reporter-output>
          </reporter-output>
        </test-method> <!-- afterSuite -->
        <test-method is-config="true" signature="afterSuite()[pri:0, instance:EwheelzAutomation.Book@4066c471]" started-at="2022-12-01T17:16:58Z" name="afterSuite" finished-at="2022-12-01T17:16:58Z" duration-ms="0" status="PASS">
          <reporter-output>
          </reporter-output>
        </test-method> <!-- afterSuite -->
        <test-method is-config="true" signature="afterSuite()[pri:0, instance:EwheelzAutomation.ViewRoutes@1ae8bcbc]" started-at="2022-12-01T17:16:58Z" name="afterSuite" finished-at="2022-12-01T17:16:58Z" duration-ms="0" status="PASS">
          <reporter-output>
          </reporter-output>
        </test-method> <!-- afterSuite -->
      </class> <!-- EwheelzAutomation.Book -->
    </test> <!-- Test -->
  </suite> <!-- Suite -->
</testng-results>
